<?xml version="1.0" encoding="UTF-8"?>
<testng-results ignored="0" total="2" passed="2" failed="0" skipped="0">
  <reporter-output>
  </reporter-output>
  <suite started-at="2022-02-28T08:22:20 IST" name="LoginSuite" finished-at="2022-02-28T08:22:36 IST" duration-ms="16220">
    <groups>
    </groups>
    <test started-at="2022-02-28T08:22:20 IST" name="VerifyLoginTest_stage" finished-at="2022-02-28T08:22:29 IST" duration-ms="9056">
      <class name="com.Test.Verify_LoginTest">
        <test-method is-config="true" signature="SetUp(java.lang.String)[pri:0, instance:com.Test.Verify_LoginTest@172b013]" started-at="2022-02-28T08:22:20 IST" name="SetUp" finished-at="2022-02-28T08:22:26 IST" duration-ms="6385" status="PASS">
          <params>
            <param index="0">
              <value>
                <![CDATA[https://www.facebook.com/]]>
              </value>
            </param>
          </params>
          <reporter-output>
          </reporter-output>
        </test-method> <!-- SetUp -->
        <test-method signature="verify_loginwithValidCredentials()[pri:0, instance:com.Test.Verify_LoginTest@172b013]" started-at="2022-02-28T08:22:26 IST" name="verify_loginwithValidCredentials" finished-at="2022-02-28T08:22:26 IST" duration-ms="314" status="PASS">
          <reporter-output>
          </reporter-output>
        </test-method> <!-- verify_loginwithValidCredentials -->
        <test-method is-config="true" signature="tearDown()[pri:0, instance:com.Test.Verify_LoginTest@172b013]" started-at="2022-02-28T08:22:28 IST" name="tearDown" finished-at="2022-02-28T08:22:29 IST" duration-ms="733" status="PASS">
          <reporter-output>
          </reporter-output>
        </test-method> <!-- tearDown -->
      </class> <!-- com.Test.Verify_LoginTest -->
    </test> <!-- VerifyLoginTest_stage -->
    <test started-at="2022-02-28T08:22:29 IST" name="VerifyLoginTest_Live" finished-at="2022-02-28T08:22:36 IST" duration-ms="6896">
      <class name="com.Test.Verify_LoginTest">
        <test-method is-config="true" signature="BS()[pri:0, instance:com.Test.Verify_LoginTest@1458ed9c]" started-at="2022-02-28T08:22:19 IST" name="BS" finished-at="2022-02-28T08:22:20 IST" duration-ms="491" status="PASS">
          <reporter-output>
          </reporter-output>
        </test-method> <!-- BS -->
        <test-method is-config="true" signature="SetUp(java.lang.String)[pri:0, instance:com.Test.Verify_LoginTest@1458ed9c]" started-at="2022-02-28T08:22:29 IST" name="SetUp" finished-at="2022-02-28T08:22:33 IST" duration-ms="4425" status="PASS">
          <params>
            <param index="0">
              <value>
                <![CDATA[https://www.facebook.com/]]>
              </value>
            </param>
          </params>
          <reporter-output>
          </reporter-output>
        </test-method> <!-- SetUp -->
        <test-method signature="verify_loginwithValidCredentials()[pri:0, instance:com.Test.Verify_LoginTest@1458ed9c]" started-at="2022-02-28T08:22:33 IST" name="verify_loginwithValidCredentials" finished-at="2022-02-28T08:22:34 IST" duration-ms="247" status="PASS">
          <reporter-output>
          </reporter-output>
        </test-method> <!-- verify_loginwithValidCredentials -->
        <test-method is-config="true" signature="tearDown()[pri:0, instance:com.Test.Verify_LoginTest@1458ed9c]" started-at="2022-02-28T08:22:35 IST" name="tearDown" finished-at="2022-02-28T08:22:36 IST" duration-ms="748" status="PASS">
          <reporter-output>
          </reporter-output>
        </test-method> <!-- tearDown -->
      </class> <!-- com.Test.Verify_LoginTest -->
    </test> <!-- VerifyLoginTest_Live -->
  </suite> <!-- LoginSuite -->
</testng-results>
